# JRE version: OpenJDK Runtime Environment (21.0.10) (build 21.0.10+-14961533-b1163.108)
# Java VM: OpenJDK 64-Bit Server VM (21.0.10+-14961533-b1163.108, mixed mode, tiered, compressed oops, compressed class ptrs, g1 gc, windows-amd64)
GC Precious Log:
 CardTable entry size: 512
 Card Set container configuration: InlinePtr #cards 5 size 8 Array Of Cards #cards 12 size 40 Howl #buckets 4 coarsen threshold 1843 Howl Bitmap #cards 512 size 80 coarsen threshold 460 Card regions per heap region 1 cards per card region 2048
 CPUs: 16 total, 16 available
 Memory: 7446M
 Large Page Support: Disabled
 NUMA Support: Disabled
 Compressed Oops: Enabled (32-bit)
 Heap Region Size: 1M
 Heap Min Capacity: 8M
 Heap Initial Capacity: 118M
 Heap Max Capacity: 2G
 Pre-touch: Disabled
 Parallel Workers: 13
 Concurrent Workers: 3
 Concurrent Refinement Workers: 13
 Periodic GC: Disabled
Heap:
 garbage-first heap   total 481280K, used 344962K [0x0000000080000000, 0x0000000100000000)
  region size 1024K, 16 young (16384K), 16 survivors (16384K)
 Metaspace       used 236102K, committed 238912K, reserved 1310720K
  class space    used 31737K, committed 33088K, reserved 1048576K
GC Heap History (20 events):
Event: 256.925 GC heap after
{Heap after GC invocations=69 (full 0):
 garbage-first heap   total 362496K, used 228011K [0x0000000080000000, 0x0000000100000000)
  region size 1024K, 16 young (16384K), 16 survivors (16384K)
 Metaspace       used 218604K, committed 221376K, reserved 1245184K
  class space    used 28859K, committed 30208K, reserved 1048576K
}
Event: 257.196 GC heap before
{Heap before GC invocations=69 (full 0):
 garbage-first heap   total 362496K, used 325291K [0x0000000080000000, 0x0000000100000000)
  region size 1024K, 112 young (114688K), 16 survivors (16384K)
 Metaspace       used 219360K, committed 222144K, reserved 1245184K
  class space    used 28964K, committed 30272K, reserved 1048576K
}
Event: 257.239 GC heap after
{Heap after GC invocations=70 (full 0):
 garbage-first heap   total 362496K, used 245572K [0x0000000080000000, 0x0000000100000000)
  region size 1024K, 14 young (14336K), 14 survivors (14336K)
 Metaspace       used 219360K, committed 222144K, reserved 1245184K
  class space    used 28964K, committed 30272K, reserved 1048576K
}
Event: 257.378 GC heap before
{Heap before GC invocations=70 (full 0):
 garbage-first heap   total 362496K, used 326468K [0x0000000080000000, 0x0000000100000000)
  region size 1024K, 90 young (92160K), 14 survivors (14336K)
 Metaspace       used 219376K, committed 222144K, reserved 1245184K
  class space    used 28965K, committed 30272K, reserved 1048576K
}
Event: 257.418 GC heap after
{Heap after GC invocations=71 (full 0):
 garbage-first heap   total 362496K, used 268838K [0x0000000080000000, 0x0000000100000000)
  region size 1024K, 12 young (12288K), 12 survivors (12288K)
 Metaspace       used 219376K, committed 222144K, reserved 1245184K
  class space    used 28965K, committed 30272K, reserved 1048576K
}
Event: 260.772 GC heap before
{Heap before GC invocations=72 (full 0):
 garbage-first heap   total 450560K, used 328230K [0x0000000080000000, 0x0000000100000000)
  region size 1024K, 70 young (71680K), 12 survivors (12288K)
 Metaspace       used 225438K, committed 228224K, reserved 1310720K
  class space    used 29916K, committed 31232K, reserved 1048576K
}
Event: 260.796 GC heap after
{Heap after GC invocations=73 (full 0):
 garbage-first heap   total 450560K, used 274267K [0x0000000080000000, 0x0000000100000000)
  region size 1024K, 7 young (7168K), 7 survivors (7168K)
 Metaspace       used 225438K, committed 228224K, reserved 1310720K
  class space    used 29916K, committed 31232K, reserved 1048576K
}
Event: 262.692 GC heap before
{Heap before GC invocations=73 (full 0):
 garbage-first heap   total 450560K, used 394075K [0x0000000080000000, 0x0000000100000000)
  region size 1024K, 107 young (109568K), 7 survivors (7168K)
 Metaspace       used 232141K, committed 235008K, reserved 1310720K
  class space    used 31164K, committed 32512K, reserved 1048576K
}
Event: 262.705 GC heap after
{Heap after GC invocations=74 (full 0):
 garbage-first heap   total 450560K, used 281600K [0x0000000080000000, 0x0000000100000000)
  region size 1024K, 14 young (14336K), 14 survivors (14336K)
 Metaspace       used 232141K, committed 235008K, reserved 1310720K
  class space    used 31164K, committed 32512K, reserved 1048576K
}
Event: 262.713 GC heap before
{Heap before GC invocations=74 (full 0):
 garbage-first heap   total 450560K, used 381952K [0x0000000080000000, 0x0000000100000000)
  region size 1024K, 113 young (115712K), 14 survivors (14336K)
 Metaspace       used 232175K, committed 235008K, reserved 1310720K
  class space    used 31164K, committed 32512K, reserved 1048576K
}
Event: 262.723 GC heap after
{Heap after GC invocations=75 (full 0):
 garbage-first heap   total 450560K, used 285317K [0x0000000080000000, 0x0000000100000000)
  region size 1024K, 6 young (6144K), 6 survivors (6144K)
 Metaspace       used 232175K, committed 235008K, reserved 1310720K
  class space    used 31164K, committed 32512K, reserved 1048576K
}
Event: 262.732 GC heap before
{Heap before GC invocations=75 (full 0):
 garbage-first heap   total 450560K, used 390789K [0x0000000080000000, 0x0000000100000000)
  region size 1024K, 110 young (112640K), 6 survivors (6144K)
 Metaspace       used 232291K, committed 235136K, reserved 1310720K
  class space    used 31164K, committed 32512K, reserved 1048576K
}
Event: 262.740 GC heap after
{Heap after GC invocations=76 (full 0):
 garbage-first heap   total 450560K, used 284620K [0x0000000080000000, 0x0000000100000000)
  region size 1024K, 5 young (5120K), 5 survivors (5120K)
 Metaspace       used 232291K, committed 235136K, reserved 1310720K
  class space    used 31164K, committed 32512K, reserved 1048576K
}
Event: 263.610 GC heap before
{Heap before GC invocations=77 (full 0):
 garbage-first heap   total 481280K, used 402380K [0x0000000080000000, 0x0000000100000000)
  region size 1024K, 115 young (117760K), 5 survivors (5120K)
 Metaspace       used 234356K, committed 237184K, reserved 1310720K
  class space    used 31505K, committed 32832K, reserved 1048576K
}
Event: 263.613 GC heap after
{Heap after GC invocations=78 (full 0):
 garbage-first heap   total 481280K, used 280682K [0x0000000080000000, 0x0000000100000000)
  region size 1024K, 3 young (3072K), 3 survivors (3072K)
 Metaspace       used 234356K, committed 237184K, reserved 1310720K
  class space    used 31505K, committed 32832K, reserved 1048576K
}
Event: 263.956 GC heap before
{Heap before GC invocations=78 (full 0):
 garbage-first heap   total 481280K, used 420970K [0x0000000080000000, 0x0000000100000000)
  region size 1024K, 141 young (144384K), 3 survivors (3072K)
 Metaspace       used 235601K, committed 238400K, reserved 1310720K
  class space    used 31689K, committed 33024K, reserved 1048576K
}
Event: 263.988 GC heap after
{Heap after GC invocations=79 (full 0):
 garbage-first heap   total 481280K, used 290340K [0x0000000080000000, 0x0000000100000000)
  region size 1024K, 18 young (18432K), 18 survivors (18432K)
 Metaspace       used 235601K, committed 238400K, reserved 1310720K
  class space    used 31689K, committed 33024K, reserved 1048576K
}
Event: 264.073 GC heap before
{Heap before GC invocations=79 (full 0):
 garbage-first heap   total 481280K, used 419364K [0x0000000080000000, 0x0000000100000000)
  region size 1024K, 145 young (148480K), 18 survivors (18432K)
 Metaspace       used 235934K, committed 238720K, reserved 1310720K
  class space    used 31721K, committed 33024K, reserved 1048576K
}
Event: 264.112 GC heap after
{Heap after GC invocations=80 (full 0):
 garbage-first heap   total 481280K, used 321536K [0x0000000080000000, 0x0000000100000000)
  region size 1024K, 19 young (19456K), 19 survivors (19456K)
 Metaspace       used 235934K, committed 238720K, reserved 1310720K
  class space    used 31721K, committed 33024K, reserved 1048576K
}
Event: 264.188 GC heap before
{Heap before GC invocations=80 (full 0):
 garbage-first heap   total 481280K, used 425984K [0x0000000080000000, 0x0000000100000000)
  region size 1024K, 122 young (124928K), 19 survivors (19456K)
 Metaspace       used 236102K, committed 238912K, reserved 1310720K
  class space    used 31737K, committed 33088K, reserved 1048576K
}

